2026-03-26T11:07:27.458+01:00  INFO 33928 --- [onlinePizzeriaApi] [main] c.a.o.c.IngredientControllerEndToEndTest : Starting IngredientControllerEndToEndTest using Java 25.0.1 with PID 33928 (started by murciana.le.bouedec in C:\Users\murciana.le.bouedec\IdeaProjects\online_pizzeria_api)
2026-03-26T11:07:27.475+01:00  INFO 33928 --- [onlinePizzeriaApi] [main] c.a.o.c.IngredientControllerEndToEndTest : The following 1 profile is active: "test"
2026-03-26T11:07:29.664+01:00  INFO 33928 --- [onlinePizzeriaApi] [main] .s.d.r.c.RepositoryConfigurationDelegate : Bootstrapping Spring Data JPA repositories in DEFAULT mode.
2026-03-26T11:07:29.787+01:00  INFO 33928 --- [onlinePizzeriaApi] [main] .s.d.r.c.RepositoryConfigurationDelegate : Finished Spring Data repository scanning in 106 ms. Found 3 JPA repository interfaces.
2026-03-26T11:07:31.084+01:00  INFO 33928 --- [onlinePizzeriaApi] [main] o.s.boot.tomcat.TomcatWebServer          : Tomcat initialized with port 0 (http)
2026-03-26T11:07:31.113+01:00  INFO 33928 --- [onlinePizzeriaApi] [main] o.apache.catalina.core.StandardService   : Starting service [Tomcat]
2026-03-26T11:07:31.114+01:00  INFO 33928 --- [onlinePizzeriaApi] [main] o.apache.catalina.core.StandardEngine    : Starting Servlet engine: [Apache Tomcat/11.0.18]
2026-03-26T11:07:31.259+01:00  INFO 33928 --- [onlinePizzeriaApi] [main] b.w.c.s.WebApplicationContextInitializer : Root WebApplicationContext: initialization completed in 3744 ms
2026-03-26T11:07:31.596+01:00  INFO 33928 --- [onlinePizzeriaApi] [main] org.hibernate.orm.jpa                    : HHH008540: Processing PersistenceUnitInfo [name: default]
2026-03-26T11:07:31.739+01:00  INFO 33928 --- [onlinePizzeriaApi] [main] org.hibernate.orm.core                   : HHH000001: Hibernate ORM core version 7.2.7.Final
2026-03-26T11:07:32.516+01:00  INFO 33928 --- [onlinePizzeriaApi] [main] o.s.o.j.p.SpringPersistenceUnitInfo      : No LoadTimeWeaver setup: ignoring JPA class transformer
2026-03-26T11:07:32.563+01:00  INFO 33928 --- [onlinePizzeriaApi] [main] com.zaxxer.hikari.HikariDataSource       : HikariPool-1 - Starting...
2026-03-26T11:07:32.824+01:00  INFO 33928 --- [onlinePizzeriaApi] [main] com.zaxxer.hikari.pool.HikariPool        : HikariPool-1 - Added connection conn0: url=jdbc:h2:mem:testdb user=SA
2026-03-26T11:07:32.827+01:00  INFO 33928 --- [onlinePizzeriaApi] [main] com.zaxxer.hikari.HikariDataSource       : HikariPool-1 - Start completed.
2026-03-26T11:07:32.863+01:00  WARN 33928 --- [onlinePizzeriaApi] [main] org.hibernate.orm.core                   : HHH000511: The 2.4.240 version for [org.hibernate.dialect.PostgreSQLDialect] is no longer supported, hence certain features may not work properly.The minimum supported version is 13.0.0. Check the community dialects project for available legacy versions.
2026-03-26T11:07:32.868+01:00  WARN 33928 --- [onlinePizzeriaApi] [main] org.hibernate.orm.deprecation            : HHH90000025: PostgreSQLDialect does not need to be specified explicitly using 'hibernate.dialect' (remove the property setting and it will be selected by default)
2026-03-26T11:07:32.897+01:00  INFO 33928 --- [onlinePizzeriaApi] [main] org.hibernate.orm.connections.pooling    : HHH10001005: Database info:
	Database JDBC URL [jdbc:h2:mem:testdb]
	Database driver: H2 JDBC Driver
	Database dialect: PostgreSQLDialect
	Database version: 2.4.240
	Default catalog/schema: TESTDB/PUBLIC
	Autocommit mode: undefined/unknown
	Isolation level: READ_COMMITTED [default READ_COMMITTED]
	JDBC fetch size: 100
	Pool: DataSourceConnectionProvider
	Minimum pool size: undefined/unknown
	Maximum pool size: undefined/unknown
2026-03-26T11:07:34.106+01:00  INFO 33928 --- [onlinePizzeriaApi] [main] org.hibernate.orm.core                   : HHH000489: No JTA platform available (set 'hibernate.transaction.jta.platform' to enable JTA platform integration)
2026-03-26T11:07:34.135+01:00 DEBUG 33928 --- [onlinePizzeriaApi] [main] org.hibernate.SQL                        : 
    set client_min_messages = WARNING
2026-03-26T11:07:34.138+01:00 DEBUG 33928 --- [onlinePizzeriaApi] [main] org.hibernate.SQL                        : 
    alter table if exists pizza 
       drop constraint if exists FKdy4v1k7ovlw06qndw0u9l4nwh
2026-03-26T11:07:34.140+01:00 DEBUG 33928 --- [onlinePizzeriaApi] [main] org.hibernate.SQL                        : 
    alter table if exists pizza_ingredients 
       drop constraint if exists FKk4ujfrxw0ka1l7a0xf8xoppf2
2026-03-26T11:07:34.140+01:00 DEBUG 33928 --- [onlinePizzeriaApi] [main] org.hibernate.SQL                        : 
    alter table if exists pizza_ingredients 
       drop constraint if exists FKbmkay60qrmenad7mc32udtvab
2026-03-26T11:07:34.140+01:00 DEBUG 33928 --- [onlinePizzeriaApi] [main] org.hibernate.SQL                        : 
    drop table if exists ingredient cascade
2026-03-26T11:07:34.141+01:00 DEBUG 33928 --- [onlinePizzeriaApi] [main] org.hibernate.SQL                        : 
    drop table if exists orders cascade
2026-03-26T11:07:34.141+01:00 DEBUG 33928 --- [onlinePizzeriaApi] [main] org.hibernate.SQL                        : 
    drop table if exists pizza cascade
2026-03-26T11:07:34.142+01:00 DEBUG 33928 --- [onlinePizzeriaApi] [main] org.hibernate.SQL                        : 
    drop table if exists pizza_ingredients cascade
2026-03-26T11:07:34.148+01:00 DEBUG 33928 --- [onlinePizzeriaApi] [main] org.hibernate.SQL                        : 
    create table ingredient (
        quantity integer not null,
        id uuid not null,
        name varchar(255),
        primary key (id)
    )
2026-03-26T11:07:34.158+01:00 DEBUG 33928 --- [onlinePizzeriaApi] [main] org.hibernate.SQL                        : 
    create table orders (
        date date,
        status smallint check ((status between 0 and 3)),
        total_price float(53),
        id uuid not null,
        primary key (id)
    )
2026-03-26T11:07:34.164+01:00 DEBUG 33928 --- [onlinePizzeriaApi] [main] org.hibernate.SQL                        : 
    create table pizza (
        price float(53),
        removed_from_menu boolean,
        size smallint check ((size between 0 and 2)),
        id uuid not null,
        pizzas_id uuid,
        name varchar(255),
        primary key (id)
    )
2026-03-26T11:07:34.166+01:00 DEBUG 33928 --- [onlinePizzeriaApi] [main] org.hibernate.SQL                        : 
    create table pizza_ingredients (
        ingredient_id uuid not null,
        pizza_id uuid not null
    )
2026-03-26T11:07:34.167+01:00 DEBUG 33928 --- [onlinePizzeriaApi] [main] org.hibernate.SQL                        : 
    alter table if exists pizza 
       add constraint FKdy4v1k7ovlw06qndw0u9l4nwh 
       foreign key (pizzas_id) 
       references orders
2026-03-26T11:07:34.185+01:00 DEBUG 33928 --- [onlinePizzeriaApi] [main] org.hibernate.SQL                        : 
    alter table if exists pizza_ingredients 
       add constraint FKk4ujfrxw0ka1l7a0xf8xoppf2 
       foreign key (ingredient_id) 
       references ingredient
2026-03-26T11:07:34.188+01:00 DEBUG 33928 --- [onlinePizzeriaApi] [main] org.hibernate.SQL                        : 
    alter table if exists pizza_ingredients 
       add constraint FKbmkay60qrmenad7mc32udtvab 
       foreign key (pizza_id) 
       references pizza
2026-03-26T11:07:34.194+01:00  INFO 33928 --- [onlinePizzeriaApi] [main] j.LocalContainerEntityManagerFactoryBean : Initialized JPA EntityManagerFactory for persistence unit 'default'
2026-03-26T11:07:34.360+01:00  INFO 33928 --- [onlinePizzeriaApi] [main] o.s.d.j.r.query.QueryEnhancerFactories   : Hibernate is in classpath; If applicable, HQL parser will be used.
2026-03-26T11:07:35.038+01:00  WARN 33928 --- [onlinePizzeriaApi] [main] JpaBaseConfiguration$JpaWebConfiguration : spring.jpa.open-in-view is enabled by default. Therefore, database queries may be performed during view rendering. Explicitly configure spring.jpa.open-in-view to disable this warning
2026-03-26T11:07:35.550+01:00  INFO 33928 --- [onlinePizzeriaApi] [main] r$InitializeUserDetailsManagerConfigurer : Global AuthenticationManager configured with UserDetailsService bean with name inMemoryUserDetailsManager
2026-03-26T11:07:37.285+01:00  INFO 33928 --- [onlinePizzeriaApi] [main] o.s.boot.tomcat.TomcatWebServer          : Tomcat started on port 64880 (http) with context path '/'
2026-03-26T11:07:37.299+01:00  INFO 33928 --- [onlinePizzeriaApi] [main] c.a.o.c.IngredientControllerEndToEndTest : Started IngredientControllerEndToEndTest in 10.78 seconds (process running for 15.047)
2026-03-26T11:07:38.412+01:00  INFO 33928 --- [onlinePizzeriaApi] [http-nio-auto-1-exec-1] o.a.c.c.C.[Tomcat].[localhost].[/]       : Initializing Spring DispatcherServlet 'dispatcherServlet'
2026-03-26T11:07:38.413+01:00  INFO 33928 --- [onlinePizzeriaApi] [http-nio-auto-1-exec-1] o.s.web.servlet.DispatcherServlet        : Initializing Servlet 'dispatcherServlet'
2026-03-26T11:07:38.415+01:00  INFO 33928 --- [onlinePizzeriaApi] [http-nio-auto-1-exec-1] o.s.web.servlet.DispatcherServlet        : Completed initialization in 2 ms
2026-03-26T11:07:38.464+01:00  INFO 33928 --- [onlinePizzeriaApi] [http-nio-auto-1-exec-1] c.a.o.c.impl.IngredientController        : Access to endpoint GET/ingredients
2026-03-26T11:07:38.475+01:00  INFO 33928 --- [onlinePizzeriaApi] [http-nio-auto-1-exec-1] c.a.o.service.IngredientServiceImpl      : Entering in the method that lists all ingredients in stock
2026-03-26T11:07:38.661+01:00 DEBUG 33928 --- [onlinePizzeriaApi] [http-nio-auto-1-exec-1] org.hibernate.SQL                        : 
    select
        i1_0.id,
        i1_0.name,
        i1_0.quantity 
    from
        ingredient i1_0
2026-03-26T11:07:39.008+01:00  INFO 33928 --- [onlinePizzeriaApi] [http-nio-auto-1-exec-3] c.a.o.c.impl.IngredientController        : Access to endpoint /POST/ingredients
2026-03-26T11:07:39.009+01:00  INFO 33928 --- [onlinePizzeriaApi] [http-nio-auto-1-exec-3] c.a.o.service.IngredientServiceImpl      : Entering in the method that creates a new ingredient in stock with this request Dto =IngredientRequestDto[name=Mozzarella, quantity=1]
2026-03-26T11:07:39.048+01:00 DEBUG 33928 --- [onlinePizzeriaApi] [http-nio-auto-1-exec-3] org.hibernate.SQL                        : 
    insert 
    into
        ingredient
        (name, quantity, id) 
    values
        (?, ?, ?)
2026-03-26T11:07:39.052+01:00 TRACE 33928 --- [onlinePizzeriaApi] [http-nio-auto-1-exec-3] org.hibernate.orm.jdbc.bind              : binding parameter (1:VARCHAR) <- [Mozzarella]
2026-03-26T11:07:39.052+01:00 TRACE 33928 --- [onlinePizzeriaApi] [http-nio-auto-1-exec-3] org.hibernate.orm.jdbc.bind              : binding parameter (2:INTEGER) <- [1]
2026-03-26T11:07:39.052+01:00 TRACE 33928 --- [onlinePizzeriaApi] [http-nio-auto-1-exec-3] org.hibernate.orm.jdbc.bind              : binding parameter (3:UUID) <- [f8860d73-650a-4d55-b3ff-d625c60cf829]
2026-03-26T11:07:39.071+01:00  INFO 33928 --- [onlinePizzeriaApi] [http-nio-auto-1-exec-4] c.a.o.c.impl.IngredientController        : Access to endpoint GET/ingredients
2026-03-26T11:07:39.072+01:00  INFO 33928 --- [onlinePizzeriaApi] [http-nio-auto-1-exec-4] c.a.o.service.IngredientServiceImpl      : Entering in the method that lists all ingredients in stock
2026-03-26T11:07:39.073+01:00 DEBUG 33928 --- [onlinePizzeriaApi] [http-nio-auto-1-exec-4] org.hibernate.SQL                        : 
    select
        i1_0.id,
        i1_0.name,
        i1_0.quantity 
    from
        ingredient i1_0
2026-03-26T11:07:39.092+01:00  INFO 33928 --- [onlinePizzeriaApi] [http-nio-auto-1-exec-6] c.a.o.c.impl.IngredientController        : Access to endpoint GET/ingredients
2026-03-26T11:07:39.093+01:00  INFO 33928 --- [onlinePizzeriaApi] [http-nio-auto-1-exec-6] c.a.o.service.IngredientServiceImpl      : Entering in the method that lists all ingredients in stock
2026-03-26T11:07:39.094+01:00 DEBUG 33928 --- [onlinePizzeriaApi] [http-nio-auto-1-exec-6] org.hibernate.SQL                        : 
    select
        i1_0.id,
        i1_0.name,
        i1_0.quantity 
    from
        ingredient i1_0
2026-03-26T11:07:39.108+01:00  INFO 33928 --- [onlinePizzeriaApi] [http-nio-auto-1-exec-7] c.a.o.c.impl.IngredientController        : Access to endpoint GET/ingredients
2026-03-26T11:07:39.109+01:00  INFO 33928 --- [onlinePizzeriaApi] [http-nio-auto-1-exec-7] c.a.o.service.IngredientServiceImpl      : Entering in the method that lists all ingredients in stock
2026-03-26T11:07:39.110+01:00 DEBUG 33928 --- [onlinePizzeriaApi] [http-nio-auto-1-exec-7] org.hibernate.SQL                        : 
    select
        i1_0.id,
        i1_0.name,
        i1_0.quantity 
    from
        ingredient i1_0
2026-03-26T11:07:39.139+01:00  INFO 33928 --- [onlinePizzeriaApi] [http-nio-auto-1-exec-8] c.a.o.c.impl.IngredientController        : Access to endpoint GET/ingredients/{name}
2026-03-26T11:07:39.140+01:00  INFO 33928 --- [onlinePizzeriaApi] [http-nio-auto-1-exec-8] c.a.o.service.IngredientServiceImpl      : Entering in the method that finds ingredient in stock with input name= Mozzarella
2026-03-26T11:07:39.519+01:00 DEBUG 33928 --- [onlinePizzeriaApi] [http-nio-auto-1-exec-8] org.hibernate.SQL                        : 
    select
        i1_0.id,
        i1_0.name,
        i1_0.quantity 
    from
        ingredient i1_0 
    where
        i1_0.name=?
2026-03-26T11:07:39.521+01:00 TRACE 33928 --- [onlinePizzeriaApi] [http-nio-auto-1-exec-8] org.hibernate.orm.jdbc.bind              : binding parameter (1:VARCHAR) <- [Mozzarella]
2026-03-26T11:07:39.542+01:00  INFO 33928 --- [onlinePizzeriaApi] [http-nio-auto-1-exec-5] c.a.o.c.impl.IngredientController        : Access to endpoint GET/ingredients/{name}
2026-03-26T11:07:39.543+01:00  INFO 33928 --- [onlinePizzeriaApi] [http-nio-auto-1-exec-5] c.a.o.service.IngredientServiceImpl      : Entering in the method that finds ingredient in stock with input name= ham
2026-03-26T11:07:39.546+01:00 DEBUG 33928 --- [onlinePizzeriaApi] [http-nio-auto-1-exec-5] org.hibernate.SQL                        : 
    select
        i1_0.id,
        i1_0.name,
        i1_0.quantity 
    from
        ingredient i1_0 
    where
        i1_0.name=?
2026-03-26T11:07:39.546+01:00 TRACE 33928 --- [onlinePizzeriaApi] [http-nio-auto-1-exec-5] org.hibernate.orm.jdbc.bind              : binding parameter (1:VARCHAR) <- [ham]
2026-03-26T11:07:39.590+01:00  INFO 33928 --- [onlinePizzeriaApi] [http-nio-auto-1-exec-9] c.a.o.c.impl.IngredientController        : Access to endpoint GET/ingredients
2026-03-26T11:07:39.590+01:00  INFO 33928 --- [onlinePizzeriaApi] [http-nio-auto-1-exec-9] c.a.o.service.IngredientServiceImpl      : Entering in the method that lists all ingredients in stock
2026-03-26T11:07:39.591+01:00 DEBUG 33928 --- [onlinePizzeriaApi] [http-nio-auto-1-exec-9] org.hibernate.SQL                        : 
    select
        i1_0.id,
        i1_0.name,
        i1_0.quantity 
    from
        ingredient i1_0
2026-03-26T11:07:39.604+01:00  INFO 33928 --- [onlinePizzeriaApi] [main] c.a.o.service.IngredientServiceImpl      : Entering in the method that finds ingredient in stock with input name= Mozzarella
2026-03-26T11:07:39.605+01:00 DEBUG 33928 --- [onlinePizzeriaApi] [main] org.hibernate.SQL                        : 
    select
        i1_0.id,
        i1_0.name,
        i1_0.quantity 
    from
        ingredient i1_0 
    where
        i1_0.name=?
2026-03-26T11:07:39.606+01:00 TRACE 33928 --- [onlinePizzeriaApi] [main] org.hibernate.orm.jdbc.bind              : binding parameter (1:VARCHAR) <- [Mozzarella]
2026-03-26T11:07:39.620+01:00  INFO 33928 --- [onlinePizzeriaApi] [SpringApplicationShutdownHook] o.s.boot.tomcat.GracefulShutdown         : Commencing graceful shutdown. Waiting for active requests to complete
2026-03-26T11:07:39.628+01:00  INFO 33928 --- [onlinePizzeriaApi] [tomcat-shutdown] o.s.boot.tomcat.GracefulShutdown         : Graceful shutdown complete
2026-03-26T11:07:39.634+01:00  INFO 33928 --- [onlinePizzeriaApi] [SpringApplicationShutdownHook] j.LocalContainerEntityManagerFactoryBean : Closing JPA EntityManagerFactory for persistence unit 'default'
2026-03-26T11:07:39.635+01:00 DEBUG 33928 --- [onlinePizzeriaApi] [SpringApplicationShutdownHook] org.hibernate.SQL                        : 
    set client_min_messages = WARNING
2026-03-26T11:07:39.636+01:00 DEBUG 33928 --- [onlinePizzeriaApi] [SpringApplicationShutdownHook] org.hibernate.SQL                        : 
    alter table if exists pizza 
       drop constraint if exists FKdy4v1k7ovlw06qndw0u9l4nwh
2026-03-26T11:07:39.637+01:00 DEBUG 33928 --- [onlinePizzeriaApi] [SpringApplicationShutdownHook] org.hibernate.SQL                        : 
    alter table if exists pizza_ingredients 
       drop constraint if exists FKk4ujfrxw0ka1l7a0xf8xoppf2
2026-03-26T11:07:39.638+01:00 DEBUG 33928 --- [onlinePizzeriaApi] [SpringApplicationShutdownHook] org.hibernate.SQL                        : 
    alter table if exists pizza_ingredients 
       drop constraint if exists FKbmkay60qrmenad7mc32udtvab
2026-03-26T11:07:39.638+01:00 DEBUG 33928 --- [onlinePizzeriaApi] [SpringApplicationShutdownHook] org.hibernate.SQL                        : 
    drop table if exists ingredient cascade
2026-03-26T11:07:39.639+01:00 DEBUG 33928 --- [onlinePizzeriaApi] [SpringApplicationShutdownHook] org.hibernate.SQL                        : 
    drop table if exists orders cascade
2026-03-26T11:07:39.640+01:00 DEBUG 33928 --- [onlinePizzeriaApi] [SpringApplicationShutdownHook] org.hibernate.SQL                        : 
    drop table if exists pizza cascade
2026-03-26T11:07:39.641+01:00 DEBUG 33928 --- [onlinePizzeriaApi] [SpringApplicationShutdownHook] org.hibernate.SQL                        : 
    drop table if exists pizza_ingredients cascade
2026-03-26T11:07:39.645+01:00  INFO 33928 --- [onlinePizzeriaApi] [SpringApplicationShutdownHook] com.zaxxer.hikari.HikariDataSource       : HikariPool-1 - Shutdown initiated...
2026-03-26T11:07:39.648+01:00  INFO 33928 --- [onlinePizzeriaApi] [SpringApplicationShutdownHook] com.zaxxer.hikari.HikariDataSource       : HikariPool-1 - Shutdown completed.
2026-03-26T11:08:16.754+01:00  INFO 20284 --- [onlinePizzeriaApi] [main] c.a.o.c.IngredientControllerEndToEndTest : Starting IngredientControllerEndToEndTest using Java 25.0.1 with PID 20284 (started by murciana.le.bouedec in C:\Users\murciana.le.bouedec\IdeaProjects\online_pizzeria_api)
2026-03-26T11:08:16.756+01:00  INFO 20284 --- [onlinePizzeriaApi] [main] c.a.o.c.IngredientControllerEndToEndTest : The following 1 profile is active: "test"
2026-03-26T11:08:18.234+01:00  INFO 20284 --- [onlinePizzeriaApi] [main] .s.d.r.c.RepositoryConfigurationDelegate : Bootstrapping Spring Data JPA repositories in DEFAULT mode.
2026-03-26T11:08:18.353+01:00  INFO 20284 --- [onlinePizzeriaApi] [main] .s.d.r.c.RepositoryConfigurationDelegate : Finished Spring Data repository scanning in 95 ms. Found 3 JPA repository interfaces.
2026-03-26T11:08:19.490+01:00  INFO 20284 --- [onlinePizzeriaApi] [main] o.s.boot.tomcat.TomcatWebServer          : Tomcat initialized with port 0 (http)
2026-03-26T11:08:19.509+01:00  INFO 20284 --- [onlinePizzeriaApi] [main] o.apache.catalina.core.StandardService   : Starting service [Tomcat]
2026-03-26T11:08:19.510+01:00  INFO 20284 --- [onlinePizzeriaApi] [main] o.apache.catalina.core.StandardEngine    : Starting Servlet engine: [Apache Tomcat/11.0.18]
2026-03-26T11:08:19.631+01:00  INFO 20284 --- [onlinePizzeriaApi] [main] b.w.c.s.WebApplicationContextInitializer : Root WebApplicationContext: initialization completed in 2858 ms
2026-03-26T11:08:20.030+01:00  INFO 20284 --- [onlinePizzeriaApi] [main] org.hibernate.orm.jpa                    : HHH008540: Processing PersistenceUnitInfo [name: default]
2026-03-26T11:08:20.140+01:00  INFO 20284 --- [onlinePizzeriaApi] [main] org.hibernate.orm.core                   : HHH000001: Hibernate ORM core version 7.2.7.Final
2026-03-26T11:08:20.819+01:00  INFO 20284 --- [onlinePizzeriaApi] [main] o.s.o.j.p.SpringPersistenceUnitInfo      : No LoadTimeWeaver setup: ignoring JPA class transformer
2026-03-26T11:08:20.867+01:00  INFO 20284 --- [onlinePizzeriaApi] [main] com.zaxxer.hikari.HikariDataSource       : HikariPool-1 - Starting...
2026-03-26T11:08:21.067+01:00  INFO 20284 --- [onlinePizzeriaApi] [main] com.zaxxer.hikari.pool.HikariPool        : HikariPool-1 - Added connection conn0: url=jdbc:h2:mem:testdb user=SA
2026-03-26T11:08:21.069+01:00  INFO 20284 --- [onlinePizzeriaApi] [main] com.zaxxer.hikari.HikariDataSource       : HikariPool-1 - Start completed.
2026-03-26T11:08:21.095+01:00  WARN 20284 --- [onlinePizzeriaApi] [main] org.hibernate.orm.core                   : HHH000511: The 2.4.240 version for [org.hibernate.dialect.PostgreSQLDialect] is no longer supported, hence certain features may not work properly.The minimum supported version is 13.0.0. Check the community dialects project for available legacy versions.
2026-03-26T11:08:21.099+01:00  WARN 20284 --- [onlinePizzeriaApi] [main] org.hibernate.orm.deprecation            : HHH90000025: PostgreSQLDialect does not need to be specified explicitly using 'hibernate.dialect' (remove the property setting and it will be selected by default)
2026-03-26T11:08:21.126+01:00  INFO 20284 --- [onlinePizzeriaApi] [main] org.hibernate.orm.connections.pooling    : HHH10001005: Database info:
	Database JDBC URL [jdbc:h2:mem:testdb]
	Database driver: H2 JDBC Driver
	Database dialect: PostgreSQLDialect
	Database version: 2.4.240
	Default catalog/schema: TESTDB/PUBLIC
	Autocommit mode: undefined/unknown
	Isolation level: READ_COMMITTED [default READ_COMMITTED]
	JDBC fetch size: 100
	Pool: DataSourceConnectionProvider
	Minimum pool size: undefined/unknown
	Maximum pool size: undefined/unknown
2026-03-26T11:08:22.249+01:00  INFO 20284 --- [onlinePizzeriaApi] [main] org.hibernate.orm.core                   : HHH000489: No JTA platform available (set 'hibernate.transaction.jta.platform' to enable JTA platform integration)
2026-03-26T11:08:22.276+01:00 DEBUG 20284 --- [onlinePizzeriaApi] [main] org.hibernate.SQL                        : 
    set client_min_messages = WARNING
2026-03-26T11:08:22.278+01:00 DEBUG 20284 --- [onlinePizzeriaApi] [main] org.hibernate.SQL                        : 
    alter table if exists pizza 
       drop constraint if exists FKdy4v1k7ovlw06qndw0u9l4nwh
2026-03-26T11:08:22.279+01:00 DEBUG 20284 --- [onlinePizzeriaApi] [main] org.hibernate.SQL                        : 
    alter table if exists pizza_ingredients 
       drop constraint if exists FKk4ujfrxw0ka1l7a0xf8xoppf2
2026-03-26T11:08:22.280+01:00 DEBUG 20284 --- [onlinePizzeriaApi] [main] org.hibernate.SQL                        : 
    alter table if exists pizza_ingredients 
       drop constraint if exists FKbmkay60qrmenad7mc32udtvab
2026-03-26T11:08:22.280+01:00 DEBUG 20284 --- [onlinePizzeriaApi] [main] org.hibernate.SQL                        : 
    drop table if exists ingredient cascade
2026-03-26T11:08:22.281+01:00 DEBUG 20284 --- [onlinePizzeriaApi] [main] org.hibernate.SQL                        : 
    drop table if exists orders cascade
2026-03-26T11:08:22.282+01:00 DEBUG 20284 --- [onlinePizzeriaApi] [main] org.hibernate.SQL                        : 
    drop table if exists pizza cascade
2026-03-26T11:08:22.282+01:00 DEBUG 20284 --- [onlinePizzeriaApi] [main] org.hibernate.SQL                        : 
    drop table if exists pizza_ingredients cascade
2026-03-26T11:08:22.287+01:00 DEBUG 20284 --- [onlinePizzeriaApi] [main] org.hibernate.SQL                        : 
    create table ingredient (
        quantity integer not null,
        id uuid not null,
        name varchar(255),
        primary key (id)
    )
2026-03-26T11:08:22.294+01:00 DEBUG 20284 --- [onlinePizzeriaApi] [main] org.hibernate.SQL                        : 
    create table orders (
        date date,
        status smallint check ((status between 0 and 3)),
        total_price float(53),
        id uuid not null,
        primary key (id)
    )
2026-03-26T11:08:22.300+01:00 DEBUG 20284 --- [onlinePizzeriaApi] [main] org.hibernate.SQL                        : 
    create table pizza (
        price float(53),
        removed_from_menu boolean,
        size smallint check ((size between 0 and 2)),
        id uuid not null,
        pizzas_id uuid,
        name varchar(255),
        primary key (id)
    )
2026-03-26T11:08:22.302+01:00 DEBUG 20284 --- [onlinePizzeriaApi] [main] org.hibernate.SQL                        : 
    create table pizza_ingredients (
        ingredient_id uuid not null,
        pizza_id uuid not null
    )
2026-03-26T11:08:22.304+01:00 DEBUG 20284 --- [onlinePizzeriaApi] [main] org.hibernate.SQL                        : 
    alter table if exists pizza 
       add constraint FKdy4v1k7ovlw06qndw0u9l4nwh 
       foreign key (pizzas_id) 
       references orders
2026-03-26T11:08:22.320+01:00 DEBUG 20284 --- [onlinePizzeriaApi] [main] org.hibernate.SQL                        : 
    alter table if exists pizza_ingredients 
       add constraint FKk4ujfrxw0ka1l7a0xf8xoppf2 
       foreign key (ingredient_id) 
       references ingredient
2026-03-26T11:08:22.323+01:00 DEBUG 20284 --- [onlinePizzeriaApi] [main] org.hibernate.SQL                        : 
    alter table if exists pizza_ingredients 
       add constraint FKbmkay60qrmenad7mc32udtvab 
       foreign key (pizza_id) 
       references pizza
2026-03-26T11:08:22.330+01:00  INFO 20284 --- [onlinePizzeriaApi] [main] j.LocalContainerEntityManagerFactoryBean : Initialized JPA EntityManagerFactory for persistence unit 'default'
2026-03-26T11:08:22.514+01:00  INFO 20284 --- [onlinePizzeriaApi] [main] o.s.d.j.r.query.QueryEnhancerFactories   : Hibernate is in classpath; If applicable, HQL parser will be used.
2026-03-26T11:08:23.138+01:00  WARN 20284 --- [onlinePizzeriaApi] [main] JpaBaseConfiguration$JpaWebConfiguration : spring.jpa.open-in-view is enabled by default. Therefore, database queries may be performed during view rendering. Explicitly configure spring.jpa.open-in-view to disable this warning
2026-03-26T11:08:23.634+01:00  INFO 20284 --- [onlinePizzeriaApi] [main] r$InitializeUserDetailsManagerConfigurer : Global AuthenticationManager configured with UserDetailsService bean with name inMemoryUserDetailsManager
2026-03-26T11:08:25.313+01:00  INFO 20284 --- [onlinePizzeriaApi] [main] o.s.boot.tomcat.TomcatWebServer          : Tomcat started on port 53761 (http) with context path '/'
2026-03-26T11:08:25.329+01:00  INFO 20284 --- [onlinePizzeriaApi] [main] c.a.o.c.IngredientControllerEndToEndTest : Started IngredientControllerEndToEndTest in 9.226 seconds (process running for 12.06)
2026-03-26T11:08:26.274+01:00  INFO 20284 --- [onlinePizzeriaApi] [http-nio-auto-1-exec-1] o.a.c.c.C.[Tomcat].[localhost].[/]       : Initializing Spring DispatcherServlet 'dispatcherServlet'
2026-03-26T11:08:26.275+01:00  INFO 20284 --- [onlinePizzeriaApi] [http-nio-auto-1-exec-1] o.s.web.servlet.DispatcherServlet        : Initializing Servlet 'dispatcherServlet'
2026-03-26T11:08:26.276+01:00  INFO 20284 --- [onlinePizzeriaApi] [http-nio-auto-1-exec-1] o.s.web.servlet.DispatcherServlet        : Completed initialization in 1 ms
2026-03-26T11:08:26.318+01:00  INFO 20284 --- [onlinePizzeriaApi] [http-nio-auto-1-exec-1] c.a.o.c.impl.IngredientController        : Access to endpoint GET/ingredients
2026-03-26T11:08:26.327+01:00  INFO 20284 --- [onlinePizzeriaApi] [http-nio-auto-1-exec-1] c.a.o.service.IngredientServiceImpl      : Entering in the method that lists all ingredients in stock
2026-03-26T11:08:26.492+01:00 DEBUG 20284 --- [onlinePizzeriaApi] [http-nio-auto-1-exec-1] org.hibernate.SQL                        : 
    select
        i1_0.id,
        i1_0.name,
        i1_0.quantity 
    from
        ingredient i1_0
2026-03-26T11:08:26.782+01:00  INFO 20284 --- [onlinePizzeriaApi] [http-nio-auto-1-exec-3] c.a.o.c.impl.IngredientController        : Access to endpoint /POST/ingredients
2026-03-26T11:08:26.783+01:00  INFO 20284 --- [onlinePizzeriaApi] [http-nio-auto-1-exec-3] c.a.o.service.IngredientServiceImpl      : Entering in the method that creates a new ingredient in stock with this request Dto =IngredientRequestDto[name=Mozzarella, quantity=1]
2026-03-26T11:08:26.820+01:00 DEBUG 20284 --- [onlinePizzeriaApi] [http-nio-auto-1-exec-3] org.hibernate.SQL                        : 
    insert 
    into
        ingredient
        (name, quantity, id) 
    values
        (?, ?, ?)
2026-03-26T11:08:26.823+01:00 TRACE 20284 --- [onlinePizzeriaApi] [http-nio-auto-1-exec-3] org.hibernate.orm.jdbc.bind              : binding parameter (1:VARCHAR) <- [Mozzarella]
2026-03-26T11:08:26.823+01:00 TRACE 20284 --- [onlinePizzeriaApi] [http-nio-auto-1-exec-3] org.hibernate.orm.jdbc.bind              : binding parameter (2:INTEGER) <- [1]
2026-03-26T11:08:26.823+01:00 TRACE 20284 --- [onlinePizzeriaApi] [http-nio-auto-1-exec-3] org.hibernate.orm.jdbc.bind              : binding parameter (3:UUID) <- [56f8fb4c-066d-422e-8d98-9032b2dbdb20]
2026-03-26T11:08:26.839+01:00  INFO 20284 --- [onlinePizzeriaApi] [http-nio-auto-1-exec-4] c.a.o.c.impl.IngredientController        : Access to endpoint GET/ingredients
2026-03-26T11:08:26.839+01:00  INFO 20284 --- [onlinePizzeriaApi] [http-nio-auto-1-exec-4] c.a.o.service.IngredientServiceImpl      : Entering in the method that lists all ingredients in stock
2026-03-26T11:08:26.840+01:00 DEBUG 20284 --- [onlinePizzeriaApi] [http-nio-auto-1-exec-4] org.hibernate.SQL                        : 
    select
        i1_0.id,
        i1_0.name,
        i1_0.quantity 
    from
        ingredient i1_0
2026-03-26T11:08:26.857+01:00  INFO 20284 --- [onlinePizzeriaApi] [http-nio-auto-1-exec-5] c.a.o.c.impl.IngredientController        : Access to endpoint GET/ingredients
2026-03-26T11:08:26.858+01:00  INFO 20284 --- [onlinePizzeriaApi] [http-nio-auto-1-exec-5] c.a.o.service.IngredientServiceImpl      : Entering in the method that lists all ingredients in stock
2026-03-26T11:08:26.859+01:00 DEBUG 20284 --- [onlinePizzeriaApi] [http-nio-auto-1-exec-5] org.hibernate.SQL                        : 
    select
        i1_0.id,
        i1_0.name,
        i1_0.quantity 
    from
        ingredient i1_0
2026-03-26T11:08:26.877+01:00  INFO 20284 --- [onlinePizzeriaApi] [http-nio-auto-1-exec-6] c.a.o.c.impl.IngredientController        : Access to endpoint GET/ingredients
2026-03-26T11:08:26.877+01:00  INFO 20284 --- [onlinePizzeriaApi] [http-nio-auto-1-exec-6] c.a.o.service.IngredientServiceImpl      : Entering in the method that lists all ingredients in stock
2026-03-26T11:08:26.878+01:00 DEBUG 20284 --- [onlinePizzeriaApi] [http-nio-auto-1-exec-6] org.hibernate.SQL                        : 
    select
        i1_0.id,
        i1_0.name,
        i1_0.quantity 
    from
        ingredient i1_0
2026-03-26T11:08:26.904+01:00  INFO 20284 --- [onlinePizzeriaApi] [http-nio-auto-1-exec-7] c.a.o.c.impl.IngredientController        : Access to endpoint GET/ingredients/{name}
2026-03-26T11:08:26.904+01:00  INFO 20284 --- [onlinePizzeriaApi] [http-nio-auto-1-exec-7] c.a.o.service.IngredientServiceImpl      : Entering in the method that finds ingredient in stock with input name= Mozzarella
2026-03-26T11:08:27.193+01:00 DEBUG 20284 --- [onlinePizzeriaApi] [http-nio-auto-1-exec-7] org.hibernate.SQL                        : 
    select
        i1_0.id,
        i1_0.name,
        i1_0.quantity 
    from
        ingredient i1_0 
    where
        i1_0.name=?
2026-03-26T11:08:27.194+01:00 TRACE 20284 --- [onlinePizzeriaApi] [http-nio-auto-1-exec-7] org.hibernate.orm.jdbc.bind              : binding parameter (1:VARCHAR) <- [Mozzarella]
2026-03-26T11:08:27.215+01:00  INFO 20284 --- [onlinePizzeriaApi] [http-nio-auto-1-exec-8] c.a.o.c.impl.IngredientController        : Access to endpoint GET/ingredients/{name}
2026-03-26T11:08:27.216+01:00  INFO 20284 --- [onlinePizzeriaApi] [http-nio-auto-1-exec-8] c.a.o.service.IngredientServiceImpl      : Entering in the method that finds ingredient in stock with input name= ham
2026-03-26T11:08:27.217+01:00 DEBUG 20284 --- [onlinePizzeriaApi] [http-nio-auto-1-exec-8] org.hibernate.SQL                        : 
    select
        i1_0.id,
        i1_0.name,
        i1_0.quantity 
    from
        ingredient i1_0 
    where
        i1_0.name=?
2026-03-26T11:08:27.217+01:00 TRACE 20284 --- [onlinePizzeriaApi] [http-nio-auto-1-exec-8] org.hibernate.orm.jdbc.bind              : binding parameter (1:VARCHAR) <- [ham]
2026-03-26T11:08:27.233+01:00  INFO 20284 --- [onlinePizzeriaApi] [http-nio-auto-1-exec-9] c.a.o.c.impl.IngredientController        : Access to endpoint GET/ingredients
2026-03-26T11:08:27.233+01:00  INFO 20284 --- [onlinePizzeriaApi] [http-nio-auto-1-exec-9] c.a.o.service.IngredientServiceImpl      : Entering in the method that lists all ingredients in stock
2026-03-26T11:08:27.234+01:00 DEBUG 20284 --- [onlinePizzeriaApi] [http-nio-auto-1-exec-9] org.hibernate.SQL                        : 
    select
        i1_0.id,
        i1_0.name,
        i1_0.quantity 
    from
        ingredient i1_0
2026-03-26T11:08:27.245+01:00  INFO 20284 --- [onlinePizzeriaApi] [main] c.a.o.service.IngredientServiceImpl      : Entering in the method that finds ingredient in stock with input name= Mozzarella
2026-03-26T11:08:27.245+01:00 DEBUG 20284 --- [onlinePizzeriaApi] [main] org.hibernate.SQL                        : 
    select
        i1_0.id,
        i1_0.name,
        i1_0.quantity 
    from
        ingredient i1_0 
    where
        i1_0.name=?
2026-03-26T11:08:27.246+01:00 TRACE 20284 --- [onlinePizzeriaApi] [main] org.hibernate.orm.jdbc.bind              : binding parameter (1:VARCHAR) <- [Mozzarella]
2026-03-26T11:08:27.258+01:00  INFO 20284 --- [onlinePizzeriaApi] [SpringApplicationShutdownHook] o.s.boot.tomcat.GracefulShutdown         : Commencing graceful shutdown. Waiting for active requests to complete
2026-03-26T11:08:27.266+01:00  INFO 20284 --- [onlinePizzeriaApi] [tomcat-shutdown] o.s.boot.tomcat.GracefulShutdown         : Graceful shutdown complete
2026-03-26T11:08:27.272+01:00  INFO 20284 --- [onlinePizzeriaApi] [SpringApplicationShutdownHook] j.LocalContainerEntityManagerFactoryBean : Closing JPA EntityManagerFactory for persistence unit 'default'
2026-03-26T11:08:27.274+01:00 DEBUG 20284 --- [onlinePizzeriaApi] [SpringApplicationShutdownHook] org.hibernate.SQL                        : 
    set client_min_messages = WARNING
2026-03-26T11:08:27.275+01:00 DEBUG 20284 --- [onlinePizzeriaApi] [SpringApplicationShutdownHook] org.hibernate.SQL                        : 
    alter table if exists pizza 
       drop constraint if exists FKdy4v1k7ovlw06qndw0u9l4nwh
2026-03-26T11:08:27.276+01:00 DEBUG 20284 --- [onlinePizzeriaApi] [SpringApplicationShutdownHook] org.hibernate.SQL                        : 
    alter table if exists pizza_ingredients 
       drop constraint if exists FKk4ujfrxw0ka1l7a0xf8xoppf2
2026-03-26T11:08:27.277+01:00 DEBUG 20284 --- [onlinePizzeriaApi] [SpringApplicationShutdownHook] org.hibernate.SQL                        : 
    alter table if exists pizza_ingredients 
       drop constraint if exists FKbmkay60qrmenad7mc32udtvab
2026-03-26T11:08:27.278+01:00 DEBUG 20284 --- [onlinePizzeriaApi] [SpringApplicationShutdownHook] org.hibernate.SQL                        : 
    drop table if exists ingredient cascade
2026-03-26T11:08:27.279+01:00 DEBUG 20284 --- [onlinePizzeriaApi] [SpringApplicationShutdownHook] org.hibernate.SQL                        : 
    drop table if exists orders cascade
2026-03-26T11:08:27.279+01:00 DEBUG 20284 --- [onlinePizzeriaApi] [SpringApplicationShutdownHook] org.hibernate.SQL                        : 
    drop table if exists pizza cascade
2026-03-26T11:08:27.280+01:00 DEBUG 20284 --- [onlinePizzeriaApi] [SpringApplicationShutdownHook] org.hibernate.SQL                        : 
    drop table if exists pizza_ingredients cascade
2026-03-26T11:08:27.283+01:00  INFO 20284 --- [onlinePizzeriaApi] [SpringApplicationShutdownHook] com.zaxxer.hikari.HikariDataSource       : HikariPool-1 - Shutdown initiated...
2026-03-26T11:08:27.285+01:00  INFO 20284 --- [onlinePizzeriaApi] [SpringApplicationShutdownHook] com.zaxxer.hikari.HikariDataSource       : HikariPool-1 - Shutdown completed.
2026-03-26T11:13:19.011+01:00  INFO 23472 --- [onlinePizzeriaApi] [restartedMain] c.a.o.OnlinePizzeriaApiApplication       : Starting OnlinePizzeriaApiApplication using Java 25.0.1 with PID 23472 (C:\Users\murciana.le.bouedec\IdeaProjects\online_pizzeria_api\target\classes started by murciana.le.bouedec in C:\Users\murciana.le.bouedec\IdeaProjects\online_pizzeria_api)
2026-03-26T11:13:19.017+01:00  INFO 23472 --- [onlinePizzeriaApi] [restartedMain] c.a.o.OnlinePizzeriaApiApplication       : No active profile set, falling back to 1 default profile: "default"
2026-03-26T11:13:19.134+01:00  INFO 23472 --- [onlinePizzeriaApi] [restartedMain] .e.DevToolsPropertyDefaultsPostProcessor : Devtools property defaults active! Set 'spring.devtools.add-properties' to 'false' to disable
2026-03-26T11:13:19.135+01:00  INFO 23472 --- [onlinePizzeriaApi] [restartedMain] .e.DevToolsPropertyDefaultsPostProcessor : For additional web related logging consider setting the 'logging.level.web' property to 'DEBUG'
2026-03-26T11:13:21.600+01:00  INFO 23472 --- [onlinePizzeriaApi] [restartedMain] .s.d.r.c.RepositoryConfigurationDelegate : Bootstrapping Spring Data JPA repositories in DEFAULT mode.
2026-03-26T11:13:21.782+01:00  INFO 23472 --- [onlinePizzeriaApi] [restartedMain] .s.d.r.c.RepositoryConfigurationDelegate : Finished Spring Data repository scanning in 153 ms. Found 3 JPA repository interfaces.
2026-03-26T11:13:23.788+01:00  INFO 23472 --- [onlinePizzeriaApi] [restartedMain] o.s.boot.tomcat.TomcatWebServer          : Tomcat initialized with port 9999 (http)
2026-03-26T11:13:23.838+01:00  INFO 23472 --- [onlinePizzeriaApi] [restartedMain] o.apache.catalina.core.StandardService   : Starting service [Tomcat]
2026-03-26T11:13:23.839+01:00  INFO 23472 --- [onlinePizzeriaApi] [restartedMain] o.apache.catalina.core.StandardEngine    : Starting Servlet engine: [Apache Tomcat/11.0.18]
2026-03-26T11:13:24.012+01:00  INFO 23472 --- [onlinePizzeriaApi] [restartedMain] b.w.c.s.WebApplicationContextInitializer : Root WebApplicationContext: initialization completed in 4876 ms
2026-03-26T11:13:24.530+01:00  INFO 23472 --- [onlinePizzeriaApi] [restartedMain] org.hibernate.orm.jpa                    : HHH008540: Processing PersistenceUnitInfo [name: default]
2026-03-26T11:13:24.792+01:00  INFO 23472 --- [onlinePizzeriaApi] [restartedMain] org.hibernate.orm.core                   : HHH000001: Hibernate ORM core version 7.2.7.Final
2026-03-26T11:13:26.317+01:00  INFO 23472 --- [onlinePizzeriaApi] [restartedMain] o.s.o.j.p.SpringPersistenceUnitInfo      : No LoadTimeWeaver setup: ignoring JPA class transformer
2026-03-26T11:13:26.400+01:00  INFO 23472 --- [onlinePizzeriaApi] [restartedMain] com.zaxxer.hikari.HikariDataSource       : HikariPool-1 - Starting...
2026-03-26T11:13:27.028+01:00  INFO 23472 --- [onlinePizzeriaApi] [restartedMain] com.zaxxer.hikari.pool.HikariPool        : HikariPool-1 - Added connection org.postgresql.jdbc.PgConnection@6104ad0
2026-03-26T11:13:27.032+01:00  INFO 23472 --- [onlinePizzeriaApi] [restartedMain] com.zaxxer.hikari.HikariDataSource       : HikariPool-1 - Start completed.
2026-03-26T11:13:27.161+01:00  WARN 23472 --- [onlinePizzeriaApi] [restartedMain] org.hibernate.orm.deprecation            : HHH90000025: PostgreSQLDialect does not need to be specified explicitly using 'hibernate.dialect' (remove the property setting and it will be selected by default)
2026-03-26T11:13:27.236+01:00  INFO 23472 --- [onlinePizzeriaApi] [restartedMain] org.hibernate.orm.connections.pooling    : HHH10001005: Database info:
	Database JDBC URL [jdbc:postgresql://127.0.0.1:5432/mydb]
	Database driver: PostgreSQL JDBC Driver
	Database dialect: PostgreSQLDialect
	Database version: 18.3
	Default catalog/schema: mydb/public
	Autocommit mode: undefined/unknown
	Isolation level: READ_COMMITTED [default READ_COMMITTED]
	JDBC fetch size: none
	Pool: DataSourceConnectionProvider
	Minimum pool size: undefined/unknown
	Maximum pool size: undefined/unknown
2026-03-26T11:13:29.688+01:00  INFO 23472 --- [onlinePizzeriaApi] [restartedMain] org.hibernate.orm.core                   : HHH000489: No JTA platform available (set 'hibernate.transaction.jta.platform' to enable JTA platform integration)
2026-03-26T11:13:29.852+01:00 DEBUG 23472 --- [onlinePizzeriaApi] [restartedMain] org.hibernate.SQL                        : 
    create table ingredient (
        id uuid not null,
        name varchar(255),
        quantity integer not null,
        primary key (id)
    )
2026-03-26T11:13:29.939+01:00 DEBUG 23472 --- [onlinePizzeriaApi] [restartedMain] org.hibernate.SQL                        : 
    create table orders (
        id uuid not null,
        date date,
        status smallint check ((status between 0 and 3)),
        total_price float(53),
        primary key (id)
    )
2026-03-26T11:13:29.949+01:00 DEBUG 23472 --- [onlinePizzeriaApi] [restartedMain] org.hibernate.SQL                        : 
    create table pizza (
        id uuid not null,
        name varchar(255),
        price float(53),
        removed_from_menu boolean,
        size smallint check ((size between 0 and 2)),
        pizzas_id uuid,
        primary key (id)
    )
2026-03-26T11:13:29.963+01:00 DEBUG 23472 --- [onlinePizzeriaApi] [restartedMain] org.hibernate.SQL                        : 
    create table pizza_ingredients (
        pizza_id uuid not null,
        ingredient_id uuid not null
    )
2026-03-26T11:13:29.972+01:00 DEBUG 23472 --- [onlinePizzeriaApi] [restartedMain] org.hibernate.SQL                        : 
    alter table if exists pizza 
       add constraint FKdy4v1k7ovlw06qndw0u9l4nwh 
       foreign key (pizzas_id) 
       references orders
2026-03-26T11:13:29.987+01:00 DEBUG 23472 --- [onlinePizzeriaApi] [restartedMain] org.hibernate.SQL                        : 
    alter table if exists pizza_ingredients 
       add constraint FKk4ujfrxw0ka1l7a0xf8xoppf2 
       foreign key (ingredient_id) 
       references ingredient
2026-03-26T11:13:29.993+01:00 DEBUG 23472 --- [onlinePizzeriaApi] [restartedMain] org.hibernate.SQL                        : 
    alter table if exists pizza_ingredients 
       add constraint FKbmkay60qrmenad7mc32udtvab 
       foreign key (pizza_id) 
       references pizza
2026-03-26T11:13:30.003+01:00  INFO 23472 --- [onlinePizzeriaApi] [restartedMain] j.LocalContainerEntityManagerFactoryBean : Initialized JPA EntityManagerFactory for persistence unit 'default'
2026-03-26T11:13:30.215+01:00  INFO 23472 --- [onlinePizzeriaApi] [restartedMain] o.s.d.j.r.query.QueryEnhancerFactories   : Hibernate is in classpath; If applicable, HQL parser will be used.
2026-03-26T11:13:31.202+01:00  WARN 23472 --- [onlinePizzeriaApi] [restartedMain] JpaBaseConfiguration$JpaWebConfiguration : spring.jpa.open-in-view is enabled by default. Therefore, database queries may be performed during view rendering. Explicitly configure spring.jpa.open-in-view to disable this warning
2026-03-26T11:13:31.715+01:00  INFO 23472 --- [onlinePizzeriaApi] [restartedMain] r$InitializeUserDetailsManagerConfigurer : Global AuthenticationManager configured with UserDetailsService bean with name inMemoryUserDetailsManager
2026-03-26T11:13:33.342+01:00  INFO 23472 --- [onlinePizzeriaApi] [restartedMain] o.s.b.h.a.H2ConsoleAutoConfiguration     : H2 console available at '/h2-console'. Database available at 'jdbc:postgresql://127.0.0.1:5432/mydb'
2026-03-26T11:13:33.470+01:00  INFO 23472 --- [onlinePizzeriaApi] [restartedMain] o.s.boot.tomcat.TomcatWebServer          : Tomcat started on port 9999 (http) with context path '/'
2026-03-26T11:13:33.484+01:00  INFO 23472 --- [onlinePizzeriaApi] [restartedMain] c.a.o.OnlinePizzeriaApiApplication       : Started OnlinePizzeriaApiApplication in 15.586 seconds (process running for 17.751)
2026-03-26T11:14:00.332+01:00  INFO 23472 --- [onlinePizzeriaApi] [http-nio-9999-exec-1] o.a.c.c.C.[Tomcat].[localhost].[/]       : Initializing Spring DispatcherServlet 'dispatcherServlet'
2026-03-26T11:14:00.333+01:00  INFO 23472 --- [onlinePizzeriaApi] [http-nio-9999-exec-1] o.s.web.servlet.DispatcherServlet        : Initializing Servlet 'dispatcherServlet'
2026-03-26T11:14:00.335+01:00  INFO 23472 --- [onlinePizzeriaApi] [http-nio-9999-exec-1] o.s.web.servlet.DispatcherServlet        : Completed initialization in 2 ms
2026-03-26T11:14:00.481+01:00  INFO 23472 --- [onlinePizzeriaApi] [http-nio-9999-exec-1] c.a.o.c.impl.IngredientController        : Access to endpoint /POST/ingredients
2026-03-26T11:14:00.491+01:00  INFO 23472 --- [onlinePizzeriaApi] [http-nio-9999-exec-1] c.a.o.service.IngredientServiceImpl      : Entering in the method that creates a new ingredient in stock with this request Dto =IngredientRequestDto[name=null, quantity=-2]
2026-03-26T11:14:00.530+01:00 DEBUG 23472 --- [onlinePizzeriaApi] [http-nio-9999-exec-1] org.hibernate.SQL                        : 
    insert 
    into
        ingredient
        (name, quantity, id) 
    values
        (?, ?, ?)
2026-03-26T11:14:00.532+01:00 TRACE 23472 --- [onlinePizzeriaApi] [http-nio-9999-exec-1] org.hibernate.orm.jdbc.bind              : binding parameter (1:VARCHAR) <- [null]
2026-03-26T11:14:00.533+01:00 TRACE 23472 --- [onlinePizzeriaApi] [http-nio-9999-exec-1] org.hibernate.orm.jdbc.bind              : binding parameter (2:INTEGER) <- [-2]
2026-03-26T11:14:00.534+01:00 TRACE 23472 --- [onlinePizzeriaApi] [http-nio-9999-exec-1] org.hibernate.orm.jdbc.bind              : binding parameter (3:UUID) <- [46658a47-2ca6-4649-9174-7782d2e87c9f]
2026-03-26T11:14:07.136+01:00  INFO 23472 --- [onlinePizzeriaApi] [http-nio-9999-exec-3] c.a.o.c.impl.IngredientController        : Access to endpoint GET/ingredients
2026-03-26T11:14:07.139+01:00  INFO 23472 --- [onlinePizzeriaApi] [http-nio-9999-exec-3] c.a.o.service.IngredientServiceImpl      : Entering in the method that lists all ingredients in stock
2026-03-26T11:14:07.262+01:00 DEBUG 23472 --- [onlinePizzeriaApi] [http-nio-9999-exec-3] org.hibernate.SQL                        : 
    select
        i1_0.id,
        i1_0.name,
        i1_0.quantity 
    from
        ingredient i1_0
2026-03-26T11:15:40.485+01:00  INFO 23472 --- [onlinePizzeriaApi] [SpringApplicationShutdownHook] o.s.boot.tomcat.GracefulShutdown         : Commencing graceful shutdown. Waiting for active requests to complete
2026-03-26T11:15:40.511+01:00  INFO 23472 --- [onlinePizzeriaApi] [tomcat-shutdown] o.s.boot.tomcat.GracefulShutdown         : Graceful shutdown complete
2026-03-26T11:15:40.521+01:00  INFO 23472 --- [onlinePizzeriaApi] [SpringApplicationShutdownHook] j.LocalContainerEntityManagerFactoryBean : Closing JPA EntityManagerFactory for persistence unit 'default'
2026-03-26T11:15:40.525+01:00  INFO 23472 --- [onlinePizzeriaApi] [SpringApplicationShutdownHook] com.zaxxer.hikari.HikariDataSource       : HikariPool-1 - Shutdown initiated...
2026-03-26T11:15:40.528+01:00  INFO 23472 --- [onlinePizzeriaApi] [SpringApplicationShutdownHook] com.zaxxer.hikari.HikariDataSource       : HikariPool-1 - Shutdown completed.
2026-03-26T11:15:51.142+01:00  INFO 25396 --- [onlinePizzeriaApi] [restartedMain] c.a.o.OnlinePizzeriaApiApplication       : Starting OnlinePizzeriaApiApplication using Java 25.0.1 with PID 25396 (C:\Users\murciana.le.bouedec\IdeaProjects\online_pizzeria_api\target\classes started by murciana.le.bouedec in C:\Users\murciana.le.bouedec\IdeaProjects\online_pizzeria_api)
2026-03-26T11:15:51.145+01:00  INFO 25396 --- [onlinePizzeriaApi] [restartedMain] c.a.o.OnlinePizzeriaApiApplication       : No active profile set, falling back to 1 default profile: "default"
2026-03-26T11:15:51.196+01:00  INFO 25396 --- [onlinePizzeriaApi] [restartedMain] .e.DevToolsPropertyDefaultsPostProcessor : Devtools property defaults active! Set 'spring.devtools.add-properties' to 'false' to disable
2026-03-26T11:15:51.196+01:00  INFO 25396 --- [onlinePizzeriaApi] [restartedMain] .e.DevToolsPropertyDefaultsPostProcessor : For additional web related logging consider setting the 'logging.level.web' property to 'DEBUG'
2026-03-26T11:15:52.727+01:00  INFO 25396 --- [onlinePizzeriaApi] [restartedMain] .s.d.r.c.RepositoryConfigurationDelegate : Bootstrapping Spring Data JPA repositories in DEFAULT mode.
2026-03-26T11:15:52.856+01:00  INFO 25396 --- [onlinePizzeriaApi] [restartedMain] .s.d.r.c.RepositoryConfigurationDelegate : Finished Spring Data repository scanning in 115 ms. Found 3 JPA repository interfaces.
2026-03-26T11:15:54.020+01:00  INFO 25396 --- [onlinePizzeriaApi] [restartedMain] o.s.boot.tomcat.TomcatWebServer          : Tomcat initialized with port 9999 (http)
2026-03-26T11:15:54.043+01:00  INFO 25396 --- [onlinePizzeriaApi] [restartedMain] o.apache.catalina.core.StandardService   : Starting service [Tomcat]
2026-03-26T11:15:54.044+01:00  INFO 25396 --- [onlinePizzeriaApi] [restartedMain] o.apache.catalina.core.StandardEngine    : Starting Servlet engine: [Apache Tomcat/11.0.18]
2026-03-26T11:15:54.172+01:00  INFO 25396 --- [onlinePizzeriaApi] [restartedMain] b.w.c.s.WebApplicationContextInitializer : Root WebApplicationContext: initialization completed in 2974 ms
2026-03-26T11:15:54.501+01:00  INFO 25396 --- [onlinePizzeriaApi] [restartedMain] org.hibernate.orm.jpa                    : HHH008540: Processing PersistenceUnitInfo [name: default]
2026-03-26T11:15:54.684+01:00  INFO 25396 --- [onlinePizzeriaApi] [restartedMain] org.hibernate.orm.core                   : HHH000001: Hibernate ORM core version 7.2.7.Final
2026-03-26T11:15:55.811+01:00  INFO 25396 --- [onlinePizzeriaApi] [restartedMain] o.s.o.j.p.SpringPersistenceUnitInfo      : No LoadTimeWeaver setup: ignoring JPA class transformer
2026-03-26T11:15:55.875+01:00  INFO 25396 --- [onlinePizzeriaApi] [restartedMain] com.zaxxer.hikari.HikariDataSource       : HikariPool-1 - Starting...
2026-03-26T11:15:56.166+01:00  INFO 25396 --- [onlinePizzeriaApi] [restartedMain] com.zaxxer.hikari.pool.HikariPool        : HikariPool-1 - Added connection org.postgresql.jdbc.PgConnection@5f1385e6
2026-03-26T11:15:56.169+01:00  INFO 25396 --- [onlinePizzeriaApi] [restartedMain] com.zaxxer.hikari.HikariDataSource       : HikariPool-1 - Start completed.
2026-03-26T11:15:56.235+01:00  WARN 25396 --- [onlinePizzeriaApi] [restartedMain] org.hibernate.orm.deprecation            : HHH90000025: PostgreSQLDialect does not need to be specified explicitly using 'hibernate.dialect' (remove the property setting and it will be selected by default)
2026-03-26T11:15:56.274+01:00  INFO 25396 --- [onlinePizzeriaApi] [restartedMain] org.hibernate.orm.connections.pooling    : HHH10001005: Database info:
	Database JDBC URL [jdbc:postgresql://127.0.0.1:5432/mydb]
	Database driver: PostgreSQL JDBC Driver
	Database dialect: PostgreSQLDialect
	Database version: 18.3
	Default catalog/schema: mydb/public
	Autocommit mode: undefined/unknown
	Isolation level: READ_COMMITTED [default READ_COMMITTED]
	JDBC fetch size: none
	Pool: DataSourceConnectionProvider
	Minimum pool size: undefined/unknown
	Maximum pool size: undefined/unknown
2026-03-26T11:15:57.815+01:00  INFO 25396 --- [onlinePizzeriaApi] [restartedMain] org.hibernate.orm.core                   : HHH000489: No JTA platform available (set 'hibernate.transaction.jta.platform' to enable JTA platform integration)
2026-03-26T11:15:57.927+01:00  INFO 25396 --- [onlinePizzeriaApi] [restartedMain] j.LocalContainerEntityManagerFactoryBean : Initialized JPA EntityManagerFactory for persistence unit 'default'
2026-03-26T11:15:58.032+01:00  INFO 25396 --- [onlinePizzeriaApi] [restartedMain] o.s.d.j.r.query.QueryEnhancerFactories   : Hibernate is in classpath; If applicable, HQL parser will be used.
2026-03-26T11:15:58.404+01:00  WARN 25396 --- [onlinePizzeriaApi] [restartedMain] JpaBaseConfiguration$JpaWebConfiguration : spring.jpa.open-in-view is enabled by default. Therefore, database queries may be performed during view rendering. Explicitly configure spring.jpa.open-in-view to disable this warning
2026-03-26T11:15:58.688+01:00  INFO 25396 --- [onlinePizzeriaApi] [restartedMain] r$InitializeUserDetailsManagerConfigurer : Global AuthenticationManager configured with UserDetailsService bean with name inMemoryUserDetailsManager
2026-03-26T11:15:59.213+01:00  INFO 25396 --- [onlinePizzeriaApi] [restartedMain] o.s.b.h.a.H2ConsoleAutoConfiguration     : H2 console available at '/h2-console'. Database available at 'jdbc:postgresql://127.0.0.1:5432/mydb'
2026-03-26T11:15:59.260+01:00  INFO 25396 --- [onlinePizzeriaApi] [restartedMain] o.s.boot.tomcat.TomcatWebServer          : Tomcat started on port 9999 (http) with context path '/'
2026-03-26T11:15:59.267+01:00  INFO 25396 --- [onlinePizzeriaApi] [restartedMain] c.a.o.OnlinePizzeriaApiApplication       : Started OnlinePizzeriaApiApplication in 8.633 seconds (process running for 9.751)
2026-03-26T11:16:40.942+01:00  INFO 25396 --- [onlinePizzeriaApi] [http-nio-9999-exec-1] o.a.c.c.C.[Tomcat].[localhost].[/]       : Initializing Spring DispatcherServlet 'dispatcherServlet'
2026-03-26T11:16:40.942+01:00  INFO 25396 --- [onlinePizzeriaApi] [http-nio-9999-exec-1] o.s.web.servlet.DispatcherServlet        : Initializing Servlet 'dispatcherServlet'
2026-03-26T11:16:40.945+01:00  INFO 25396 --- [onlinePizzeriaApi] [http-nio-9999-exec-1] o.s.web.servlet.DispatcherServlet        : Completed initialization in 2 ms
2026-03-26T11:16:41.304+01:00  WARN 25396 --- [onlinePizzeriaApi] [http-nio-9999-exec-1] .m.m.a.ExceptionHandlerExceptionResolver : Resolved [org.springframework.web.bind.MethodArgumentNotValidException: Validation failed for argument [0] in public org.springframework.http.ResponseEntity<java.lang.Void> com.accenture.onlinepizzeriaapi.controller.impl.IngredientController.addIngredient(com.accenture.onlinepizzeriaapi.service.dto.IngredientRequestDto) with 2 errors: [Field error in object 'ingredientRequestDto' on field 'name': rejected value [null]; codes [NotBlank.ingredientRequestDto.name,NotBlank.name,NotBlank.java.lang.String,NotBlank]; arguments [org.springframework.context.support.DefaultMessageSourceResolvable: codes [ingredientRequestDto.name,name]; arguments []; default message [name]]; default message [ingredient.name.null]] [Field error in object 'ingredientRequestDto' on field 'quantity': rejected value [-2]; codes [Min.ingredientRequestDto.quantity,Min.quantity,Min.int,Min]; arguments [org.springframework.context.support.DefaultMessageSourceResolvable: codes [ingredientRequestDto.quantity,quantity]; arguments []; default message [quantity],0]; default message [ingredient.quantity.minimum-invalid]] ]
2026-03-26T11:17:23.145+01:00  INFO 25396 --- [onlinePizzeriaApi] [http-nio-9999-exec-4] c.a.o.c.impl.IngredientController        : Access to endpoint /POST/ingredients
2026-03-26T11:17:23.158+01:00  INFO 25396 --- [onlinePizzeriaApi] [http-nio-9999-exec-4] c.a.o.service.IngredientServiceImpl      : Entering in the method that creates a new ingredient in stock with this request Dto =IngredientRequestDto[name=la, quantity=2]
2026-03-26T11:17:23.239+01:00 DEBUG 25396 --- [onlinePizzeriaApi] [http-nio-9999-exec-4] org.hibernate.SQL                        : 
    insert 
    into
        ingredient
        (name, quantity, id) 
    values
        (?, ?, ?)
2026-03-26T11:17:23.246+01:00 TRACE 25396 --- [onlinePizzeriaApi] [http-nio-9999-exec-4] org.hibernate.orm.jdbc.bind              : binding parameter (1:VARCHAR) <- [la]
2026-03-26T11:17:23.246+01:00 TRACE 25396 --- [onlinePizzeriaApi] [http-nio-9999-exec-4] org.hibernate.orm.jdbc.bind              : binding parameter (2:INTEGER) <- [2]
2026-03-26T11:17:23.246+01:00 TRACE 25396 --- [onlinePizzeriaApi] [http-nio-9999-exec-4] org.hibernate.orm.jdbc.bind              : binding parameter (3:UUID) <- [d694f936-2c53-4589-81d6-97fadd255cae]
2026-03-26T11:17:33.608+01:00  INFO 25396 --- [onlinePizzeriaApi] [http-nio-9999-exec-9] c.a.o.c.impl.IngredientController        : Access to endpoint PATCH/ingredients/{name}
2026-03-26T11:17:33.609+01:00  INFO 25396 --- [onlinePizzeriaApi] [http-nio-9999-exec-9] c.a.o.service.IngredientServiceImpl      : Entering in the method that updates ingredient quantity in stock with input name= la and dto=IngredientPatchDto[quantity=6]
2026-03-26T11:17:33.966+01:00 DEBUG 25396 --- [onlinePizzeriaApi] [http-nio-9999-exec-9] org.hibernate.SQL                        : 
    select
        i1_0.id,
        i1_0.name,
        i1_0.quantity 
    from
        ingredient i1_0 
    where
        i1_0.name=?
2026-03-26T11:17:33.967+01:00 TRACE 25396 --- [onlinePizzeriaApi] [http-nio-9999-exec-9] org.hibernate.orm.jdbc.bind              : binding parameter (1:VARCHAR) <- [la]
2026-03-26T11:17:33.991+01:00 DEBUG 25396 --- [onlinePizzeriaApi] [http-nio-9999-exec-9] org.hibernate.SQL                        : 
    update
        ingredient 
    set
        name=?,
        quantity=? 
    where
        id=?
2026-03-26T11:17:33.992+01:00 TRACE 25396 --- [onlinePizzeriaApi] [http-nio-9999-exec-9] org.hibernate.orm.jdbc.bind              : binding parameter (1:VARCHAR) <- [la]
2026-03-26T11:17:33.992+01:00 TRACE 25396 --- [onlinePizzeriaApi] [http-nio-9999-exec-9] org.hibernate.orm.jdbc.bind              : binding parameter (2:INTEGER) <- [6]
2026-03-26T11:17:33.992+01:00 TRACE 25396 --- [onlinePizzeriaApi] [http-nio-9999-exec-9] org.hibernate.orm.jdbc.bind              : binding parameter (3:UUID) <- [d694f936-2c53-4589-81d6-97fadd255cae]
2026-03-26T11:17:39.345+01:00  INFO 25396 --- [onlinePizzeriaApi] [SpringApplicationShutdownHook] o.s.boot.tomcat.GracefulShutdown         : Commencing graceful shutdown. Waiting for active requests to complete
2026-03-26T11:17:39.353+01:00  INFO 25396 --- [onlinePizzeriaApi] [tomcat-shutdown] o.s.boot.tomcat.GracefulShutdown         : Graceful shutdown complete
2026-03-26T11:17:39.357+01:00  INFO 25396 --- [onlinePizzeriaApi] [SpringApplicationShutdownHook] j.LocalContainerEntityManagerFactoryBean : Closing JPA EntityManagerFactory for persistence unit 'default'
2026-03-26T11:17:39.361+01:00  INFO 25396 --- [onlinePizzeriaApi] [SpringApplicationShutdownHook] com.zaxxer.hikari.HikariDataSource       : HikariPool-1 - Shutdown initiated...
2026-03-26T11:17:39.368+01:00  INFO 25396 --- [onlinePizzeriaApi] [SpringApplicationShutdownHook] com.zaxxer.hikari.HikariDataSource       : HikariPool-1 - Shutdown completed.
